<?xml version="1.0" encoding="UTF-8"?>
<!-- Generated by org.testng.reporters.JUnitReportReporter -->
<testsuite skipped="0" hostname="DESKTOP-2P6A9NL" name="address_book.Test_book" tests="1" failures="0" timestamp="2020-04-20T12:15:38 BST" time="15.643" errors="0">
  <testcase name="verify_book" time="15.643" classname="address_book.Test_book"/>
  <system-out/>
</testsuite> <!-- address_book.Test_book -->
